0 info it worked if it ends with ok
1 verbose cli [ '/usr/local/bin/node',
1 verbose cli   '/usr/local/bin/npm',
1 verbose cli   'run',
1 verbose cli   'test:functional' ]
2 info using npm@3.6.0
3 info using node@v5.6.0
4 verbose run-script [ 'pretest:functional',
4 verbose run-script   'test:functional',
4 verbose run-script   'posttest:functional' ]
5 info lifecycle indie-web-for-all@0.0.1~pretest:functional: indie-web-for-all@0.0.1
6 silly lifecycle indie-web-for-all@0.0.1~pretest:functional: no script for pretest:functional, continuing
7 info lifecycle indie-web-for-all@0.0.1~test:functional: indie-web-for-all@0.0.1
8 verbose lifecycle indie-web-for-all@0.0.1~test:functional: unsafe-perm in lifecycle true
9 verbose lifecycle indie-web-for-all@0.0.1~test:functional: PATH: /usr/local/lib/node_modules/npm/bin/node-gyp-bin:/Users/eminto/Documents/Personal/indie-web-for-all/node_modules/.bin:/usr/local/bin:/usr/bin:/bin:/usr/sbin:/sbin:/usr/local/sbin:/usr/local/mysql/bin
10 verbose lifecycle indie-web-for-all@0.0.1~test:functional: CWD: /Users/eminto/Documents/Personal/indie-web-for-all
11 silly lifecycle indie-web-for-all@0.0.1~test:functional: Args: [ '-c',
11 silly lifecycle   'NODE_ENV=test jest --runInBand --config test/config/functional.json' ]
12 silly lifecycle indie-web-for-all@0.0.1~test:functional: Returned: code: 1  signal: null
13 info lifecycle indie-web-for-all@0.0.1~test:functional: Failed to exec test:functional script
14 verbose stack Error: indie-web-for-all@0.0.1 test:functional: `NODE_ENV=test jest --runInBand --config test/config/functional.json`
14 verbose stack Exit status 1
14 verbose stack     at EventEmitter.<anonymous> (/usr/local/lib/node_modules/npm/lib/utils/lifecycle.js:232:16)
14 verbose stack     at emitTwo (events.js:100:13)
14 verbose stack     at EventEmitter.emit (events.js:185:7)
14 verbose stack     at ChildProcess.<anonymous> (/usr/local/lib/node_modules/npm/lib/utils/spawn.js:24:14)
14 verbose stack     at emitTwo (events.js:100:13)
14 verbose stack     at ChildProcess.emit (events.js:185:7)
14 verbose stack     at maybeClose (internal/child_process.js:827:16)
14 verbose stack     at Process.ChildProcess._handle.onexit (internal/child_process.js:211:5)
15 verbose pkgid indie-web-for-all@0.0.1
16 verbose cwd /Users/eminto/Documents/Personal/indie-web-for-all
17 error Darwin 15.6.0
18 error argv "/usr/local/bin/node" "/usr/local/bin/npm" "run" "test:functional"
19 error node v5.6.0
20 error npm  v3.6.0
21 error code ELIFECYCLE
22 error indie-web-for-all@0.0.1 test:functional: `NODE_ENV=test jest --runInBand --config test/config/functional.json`
22 error Exit status 1
23 error Failed at the indie-web-for-all@0.0.1 test:functional script 'NODE_ENV=test jest --runInBand --config test/config/functional.json'.
23 error Make sure you have the latest version of node.js and npm installed.
23 error If you do, this is most likely a problem with the indie-web-for-all package,
23 error not with npm itself.
23 error Tell the author that this fails on your system:
23 error     NODE_ENV=test jest --runInBand --config test/config/functional.json
23 error You can get information on how to open an issue for this project with:
23 error     npm bugs indie-web-for-all
23 error Or if that isn't available, you can get their info via:
23 error     npm owner ls indie-web-for-all
23 error There is likely additional logging output above.
24 verbose exit [ 1, true ]
